app/build/intermediates/manifest_merge_blame_file/debug/manifest-merger-blame-debug-report.txt
1<?xml version="1.0" encoding="utf-8"?>
2<manifest xmlns:android="http://schemas.android.com/apk/res/android"
3    package="com.example.tasks"
4    android:versionCode="1"
5    android:versionName="1.0" >
6
7    <uses-sdk
8        android:minSdkVersion="23"
8-->src\main\AndroidManifest.xml
9        android:targetSdkVersion="30" />
9-->src\main\AndroidManifest.xml
10
11    <uses-permission android:name="android.permission.ACCESS_NETWORK_STATE" />
11-->src\main\AndroidManifest.xml:5:5-79
11-->src\main\AndroidManifest.xml:5:22-76
12    <uses-permission android:name="android.permission.INTERNET" />
12-->src\main\AndroidManifest.xml:6:5-67
12-->src\main\AndroidManifest.xml:6:22-64
13    <uses-permission android:name="android.permission.USE_BIOMETRIC" /> <!-- suppress DeprecatedClassUsageInspection -->
13-->[androidx.biometric:biometric:1.1.0-rc01] AndroidManifest.xml:24:5-72
13-->[androidx.biometric:biometric:1.1.0-rc01] AndroidManifest.xml:24:22-69
14    <uses-permission android:name="android.permission.USE_FINGERPRINT" />
14-->[androidx.biometric:biometric:1.1.0-rc01] AndroidManifest.xml:27:5-74
14-->[androidx.biometric:biometric:1.1.0-rc01] AndroidManifest.xml:27:22-71
15
16    <application
16-->src\main\AndroidManifest.xml:8:5-28:19
17        android:allowBackup="true"
17-->src\main\AndroidManifest.xml:9:9-35
18        android:appComponentFactory="androidx.core.app.CoreComponentFactory"
18-->[androidx.core:core:1.3.2] AndroidManifest.xml:24:18-86
19        android:debuggable="true"
20        android:extractNativeLibs="false"
21        android:icon="@mipmap/ic_launcher"
21-->src\main\AndroidManifest.xml:10:9-43
22        android:label="@string/app_name"
22-->src\main\AndroidManifest.xml:11:9-41
23        android:roundIcon="@mipmap/ic_launcher_round"
23-->src\main\AndroidManifest.xml:12:9-54
24        android:supportsRtl="true"
24-->src\main\AndroidManifest.xml:13:9-35
25        android:testOnly="true"
26        android:theme="@style/AppTheme"
26-->src\main\AndroidManifest.xml:15:9-40
27        android:usesCleartextTraffic="true" >
27-->src\main\AndroidManifest.xml:14:9-44
28        <activity android:name="com.example.tasks.view.TaskFormActivity" />
28-->src\main\AndroidManifest.xml:16:9-58
28-->src\main\AndroidManifest.xml:16:19-56
29        <activity android:name="com.example.tasks.view.RegisterActivity" />
29-->src\main\AndroidManifest.xml:17:9-59
29-->src\main\AndroidManifest.xml:17:19-56
30        <activity android:name="com.example.tasks.view.LoginActivity" >
30-->src\main\AndroidManifest.xml:18:9-23:20
30-->src\main\AndroidManifest.xml:18:19-53
31            <intent-filter>
31-->src\main\AndroidManifest.xml:19:13-22:29
32                <action android:name="android.intent.action.MAIN" />
32-->src\main\AndroidManifest.xml:20:17-69
32-->src\main\AndroidManifest.xml:20:25-66
33
34                <category android:name="android.intent.category.LAUNCHER" />
34-->src\main\AndroidManifest.xml:21:17-77
34-->src\main\AndroidManifest.xml:21:27-74
35            </intent-filter>
36        </activity>
37        <activity
37-->src\main\AndroidManifest.xml:24:9-27:59
38            android:name="com.example.tasks.view.MainActivity"
38-->src\main\AndroidManifest.xml:25:13-46
39            android:label="@string/app_name"
39-->src\main\AndroidManifest.xml:26:13-45
40            android:theme="@style/AppTheme.NoActionBar" />
40-->src\main\AndroidManifest.xml:27:13-56
41
42        <service
42-->[androidx.room:room-runtime:2.2.5] AndroidManifest.xml:25:9-28:40
43            android:name="androidx.room.MultiInstanceInvalidationService"
43-->[androidx.room:room-runtime:2.2.5] AndroidManifest.xml:26:13-74
44            android:directBootAware="true"
44-->[androidx.room:room-runtime:2.2.5] AndroidManifest.xml:27:13-43
45            android:exported="false" />
45-->[androidx.room:room-runtime:2.2.5] AndroidManifest.xml:28:13-37
46
47        <provider
47-->[androidx.lifecycle:lifecycle-process:2.2.0] AndroidManifest.xml:25:9-29:43
48            android:name="androidx.lifecycle.ProcessLifecycleOwnerInitializer"
48-->[androidx.lifecycle:lifecycle-process:2.2.0] AndroidManifest.xml:26:13-79
49            android:authorities="com.example.tasks.lifecycle-process"
49-->[androidx.lifecycle:lifecycle-process:2.2.0] AndroidManifest.xml:27:13-69
50            android:exported="false"
50-->[androidx.lifecycle:lifecycle-process:2.2.0] AndroidManifest.xml:28:13-37
51            android:multiprocess="true" />
51-->[androidx.lifecycle:lifecycle-process:2.2.0] AndroidManifest.xml:29:13-40
52    </application>
53
54</manifest>